0 info it worked if it ends with ok
1 verbose cli [ '/usr/bin/node', '/usr/bin/npm', 'run', 'test' ]
2 info using npm@3.5.2
3 info using node@v8.10.0
4 verbose run-script [ 'pretest', 'test', 'posttest' ]
5 info lifecycle r-file-manager-server@1.0.0~pretest: r-file-manager-server@1.0.0
6 silly lifecycle r-file-manager-server@1.0.0~pretest: no script for pretest, continuing
7 info lifecycle r-file-manager-server@1.0.0~test: r-file-manager-server@1.0.0
8 verbose lifecycle r-file-manager-server@1.0.0~test: unsafe-perm in lifecycle true
9 verbose lifecycle r-file-manager-server@1.0.0~test: PATH: /usr/share/npm/bin/node-gyp-bin:/mnt/f/rushikesh/project/r-file-manager-server/node_modules/.bin:/usr/local/sbin:/usr/local/bin:/usr/sbin:/usr/bin:/sbin:/bin:/usr/games:/usr/local/games:/mnt/c/Program Files (x86)/Common Files/Oracle/Java/javapath:/mnt/c/Python38/Scripts/:/mnt/c/Python38/:/mnt/c/Program Files (x86)/Intel/iCLS Client/:/mnt/c/Program Files/Intel/iCLS Client/:/mnt/c/Windows/system32:/mnt/c/Windows:/mnt/c/Windows/System32/Wbem:/mnt/c/Windows/System32/WindowsPowerShell/v1.0/:/mnt/c/Program Files (x86)/Intel/Intel(R) Management Engine Components/DAL:/mnt/c/Program Files/Intel/Intel(R) Management Engine Components/DAL:/mnt/c/Program Files (x86)/Intel/Intel(R) Management Engine Components/IPT:/mnt/c/Program Files/Intel/Intel(R) Management Engine Components/IPT:/mnt/c/Program Files (x86)/NVIDIA Corporation/PhysX/Common:/mnt/c/WINDOWS/system32:/mnt/c/WINDOWS:/mnt/c/WINDOWS/System32/Wbem:/mnt/c/WINDOWS/System32/WindowsPowerShell/v1.0/:/mnt/c/WINDOWS/System32/OpenSSH/:/mnt/c/Program Files/Intel/WiFi/bin/:/mnt/c/Program Files/Common Files/Intel/WirelessCommon/:/mnt/c/Users/rushi/Anaconda3/Scripts:/mnt/c/Program Files/Git/bin:/mnt/c/ProgramData/chocolatey/bin:/mnt/c/Program Files/PostgreSQL/10/bin:/mnt/c/Gradle/bin:/mnt/c/Program Files/Microsoft VS Code/bin:/mnt/c/Program Files/nodejs/:/mnt/c/Program Files/sqlite-tools:/mnt/c/Users/rushi/AppData/Local/Microsoft/WindowsApps:/mnt/c/Program Files/OpenSSL-Win64/bin:/mnt/c/Users/rushi/AppData/Roaming/npm:/mnt/c/Program Files/heroku/bin:/snap/bin
10 verbose lifecycle r-file-manager-server@1.0.0~test: CWD: /mnt/f/rushikesh/project/r-file-manager-server
11 silly lifecycle r-file-manager-server@1.0.0~test: Args: [ '-c',
11 silly lifecycle   'mocha -r ts-node/register --watch-extension ts \'tests/**/*.test.ts\'' ]
12 silly lifecycle r-file-manager-server@1.0.0~test: Returned: code: 1  signal: null
13 info lifecycle r-file-manager-server@1.0.0~test: Failed to exec test script
14 verbose stack Error: r-file-manager-server@1.0.0 test: `mocha -r ts-node/register --watch-extension ts 'tests/**/*.test.ts'`
14 verbose stack Exit status 1
14 verbose stack     at EventEmitter.<anonymous> (/usr/share/npm/lib/utils/lifecycle.js:232:16)
14 verbose stack     at emitTwo (events.js:126:13)
14 verbose stack     at EventEmitter.emit (events.js:214:7)
14 verbose stack     at ChildProcess.<anonymous> (/usr/share/npm/lib/utils/spawn.js:24:14)
14 verbose stack     at emitTwo (events.js:126:13)
14 verbose stack     at ChildProcess.emit (events.js:214:7)
14 verbose stack     at maybeClose (internal/child_process.js:925:16)
14 verbose stack     at Process.ChildProcess._handle.onexit (internal/child_process.js:209:5)
15 verbose pkgid r-file-manager-server@1.0.0
16 verbose cwd /mnt/f/rushikesh/project/r-file-manager-server
17 error Linux 4.4.0-18362-Microsoft
18 error argv "/usr/bin/node" "/usr/bin/npm" "run" "test"
19 error node v8.10.0
20 error npm  v3.5.2
21 error code ELIFECYCLE
22 error r-file-manager-server@1.0.0 test: `mocha -r ts-node/register --watch-extension ts 'tests/**/*.test.ts'`
22 error Exit status 1
23 error Failed at the r-file-manager-server@1.0.0 test script 'mocha -r ts-node/register --watch-extension ts 'tests/**/*.test.ts''.
23 error Make sure you have the latest version of node.js and npm installed.
23 error If you do, this is most likely a problem with the r-file-manager-server package,
23 error not with npm itself.
23 error Tell the author that this fails on your system:
23 error     mocha -r ts-node/register --watch-extension ts 'tests/**/*.test.ts'
23 error You can get information on how to open an issue for this project with:
23 error     npm bugs r-file-manager-server
23 error Or if that isn't available, you can get their info via:
23 error     npm owner ls r-file-manager-server
23 error There is likely additional logging output above.
24 verbose exit [ 1, true ]
